#
# There is insufficient memory for the Java Runtime Environment to continue.
# Native memory allocation (malloc) failed to allocate 360880 bytes for Chunk::new
# Possible reasons:
#   The system is out of physical RAM or swap space
#   In 32 bit mode, the process size limit was hit
# Possible solutions:
#   Reduce memory load on the system
#   Increase physical memory or swap space
#   Check if swap backing store is full
#   Use 64 bit Java on a 64 bit OS
#   Decrease Java heap size (-Xmx/-Xms)
#   Decrease number of Java threads
#   Decrease Java thread stack sizes (-Xss)
#   Set larger code cache with -XX:ReservedCodeCacheSize=
# This output file may be truncated or incomplete.
#
#  Out of Memory Error (allocation.cpp:390), pid=3676, tid=9000
#
# JRE version: Java(TM) SE Runtime Environment (8.0_25-b18) (build 1.8.0_25-b18)
# Java VM: Java HotSpot(TM) 64-Bit Server VM (25.25-b02 mixed mode windows-amd64 compressed oops)
# Failed to write core dump. Minidumps are not enabled by default on client versions of Windows
#

---------------  T H R E A D  ---------------

Current thread (0x00000000578a2800):  JavaThread "C2 CompilerThread0" daemon [_thread_in_native, id=9000, stack(0x0000000057690000,0x0000000057790000)]

Stack: [0x0000000057690000,0x0000000057790000]
Native frames: (J=compiled Java code, j=interpreted, Vv=VM code, C=native code)
V  [jvm.dll+0x31667a]
V  [jvm.dll+0x267073]
V  [jvm.dll+0x267cb3]
V  [jvm.dll+0x25f5b5]
V  [jvm.dll+0xbf165]
V  [jvm.dll+0xbf60c]
V  [jvm.dll+0x479017]
V  [jvm.dll+0x4463eb]
V  [jvm.dll+0x45130e]
V  [jvm.dll+0x4538f8]
V  [jvm.dll+0x437372]
V  [jvm.dll+0x98a02]
V  [jvm.dll+0x991f3]
V  [jvm.dll+0x22bde4]
V  [jvm.dll+0x2852fa]
C  [msvcr100.dll+0x21d9f]
C  [msvcr100.dll+0x21e3b]
C  [kernel32.dll+0x159bd]
C  [ntdll.dll+0x2a2e1]


Current CompileTask:
C2:8389988 28603       4       com.android.ide.common.resources.ValueResourceParser2::getResource (73 bytes)


---------------  P R O C E S S  ---------------

Java Threads: ( => current thread )
  0x000000005de27000 JavaThread "ForkJoinPool.commonPool-worker-0" daemon [_thread_blocked, id=7568, stack(0x000000006de50000,0x000000006df50000)]
  0x0000000067095000 JavaThread "stdout" [_thread_in_native, id=9692, stack(0x0000000069d10000,0x0000000069e10000)]
  0x0000000059a08000 JavaThread "stderr" [_thread_in_native, id=9212, stack(0x000000006cb70000,0x000000006cc70000)]
  0x0000000059a02800 JavaThread "pool-55-thread-1" [_thread_blocked, id=5708, stack(0x000000006a830000,0x000000006a930000)]
  0x0000000059a0a000 JavaThread "WorkerExecutor Queue" [_thread_blocked, id=4816, stack(0x000000006dca0000,0x000000006dda0000)]
  0x0000000059a05800 JavaThread "Cache worker for execution history cache (C:\Users\Sebastian\Documents\GitProjects\HomeChat-Android\.gradle\5.6.4\executionHistory)" [_thread_blocked, id=9944, stack(0x0000000069410000,0x0000000069510000)]
  0x0000000059a08800 JavaThread "Execution worker for ':' Thread 3" [_thread_in_native, id=8856, stack(0x000000005a980000,0x000000005aa80000)]
  0x000000005e0ca000 JavaThread "Execution worker for ':' Thread 2" [_thread_blocked, id=7712, stack(0x0000000068dc0000,0x0000000068ec0000)]
  0x000000005e0ca800 JavaThread "Execution worker for ':'" [_thread_blocked, id=10028, stack(0x0000000068c50000,0x0000000068d50000)]
  0x000000005e0cd800 JavaThread "Cache worker for file content cache (C:\Users\Sebastian\Documents\GitProjects\HomeChat-Android\.gradle\5.6.4\fileContent)" [_thread_blocked, id=11100, stack(0x000000005ad10000,0x000000005ae10000)]
  0x000000005e0c7000 JavaThread "Cache worker for Build Output Cleanup Cache (C:\Users\Sebastian\Documents\GitProjects\HomeChat-Android\.gradle\buildOutputCleanup)" [_thread_blocked, id=11128, stack(0x0000000064b20000,0x0000000064c20000)]
  0x000000005e0cc000 JavaThread "Build operations Thread 4" [_thread_blocked, id=8164, stack(0x0000000061810000,0x0000000061910000)]
  0x000000005e0c8800 JavaThread "Build operations Thread 3" [_thread_blocked, id=6576, stack(0x00000000635b0000,0x00000000636b0000)]
  0x000000005e0c9000 JavaThread "Build operations Thread 2" [_thread_blocked, id=4260, stack(0x0000000063260000,0x0000000063360000)]
  0x000000006056c800 JavaThread "Build operations" [_thread_blocked, id=7232, stack(0x0000000060dc0000,0x0000000060ec0000)]
  0x000000006056f800 JavaThread "Cache worker for cache directory md-rule (C:\Users\Sebastian\.gradle\caches\5.6.4\md-rule)" [_thread_blocked, id=7188, stack(0x0000000061030000,0x0000000061130000)]
  0x0000000060570800 JavaThread "Cache worker for cache directory md-supplier (C:\Users\Sebastian\.gradle\caches\5.6.4\md-supplier)" [_thread_blocked, id=7936, stack(0x0000000060f20000,0x0000000061020000)]
  0x000000006056c000 JavaThread "Cache worker for file hash cache (C:\Users\Sebastian\Documents\GitProjects\HomeChat-Android\.gradle\5.6.4\fileHashes)" [_thread_blocked, id=6580, stack(0x000000005fc60000,0x000000005fd60000)]
  0x000000006056f000 JavaThread "Thread-616" [_thread_blocked, id=8472, stack(0x000000005b260000,0x000000005b360000)]
  0x000000006056d800 JavaThread "Stdin handler" [_thread_blocked, id=9164, stack(0x000000005f730000,0x000000005f830000)]
  0x000000006056a800 JavaThread "Asynchronous log dispatcher for DefaultDaemonConnection: socket connection from /127.0.0.1:49747 to /127.0.0.1:50964" [_thread_blocked, id=4204, stack(0x000000005f600000,0x000000005f700000)]
  0x000000006056e000 JavaThread "Daemon worker Thread 18" [_thread_blocked, id=10784, stack(0x000000005ae20000,0x000000005af20000)]
  0x000000005ca68800 JavaThread "Cancel handler" [_thread_blocked, id=4416, stack(0x000000005a880000,0x000000005a980000)]
  0x000000005ca67800 JavaThread "Handler for socket connection from /127.0.0.1:49747 to /127.0.0.1:50964" [_thread_in_native, id=10804, stack(0x000000005a4f0000,0x000000005a5f0000)]
  0x000000005ca6a800 JavaThread "Daemon Thread 18" [_thread_blocked, id=8380, stack(0x0000000059fb0000,0x000000005a0b0000)]
  0x000000005ca67000 JavaThread "Cache worker for Java compile cache (C:\Users\Sebastian\.gradle\caches\5.6.4\javaCompile)" [_thread_blocked, id=6412, stack(0x0000000068110000,0x0000000068210000)]
  0x0000000059a10000 JavaThread "Cache worker for file content cache (C:\Users\Sebastian\.gradle\caches\5.6.4\fileContent)" [_thread_blocked, id=7832, stack(0x00000000625c0000,0x00000000626c0000)]
  0x0000000059a0f800 JavaThread "Memory manager" [_thread_blocked, id=1012, stack(0x0000000061bc0000,0x0000000061cc0000)]
  0x0000000059a09800 JavaThread "Cache worker for execution history cache (C:\Users\Sebastian\.gradle\caches\5.6.4\executionHistory)" [_thread_blocked, id=1788, stack(0x000000005b3a0000,0x000000005b4a0000)]
  0x0000000059a04800 JavaThread "Cache worker for journal cache (C:\Users\Sebastian\.gradle\caches\journal-1)" [_thread_blocked, id=8436, stack(0x000000005b4d0000,0x000000005b5d0000)]
  0x0000000059a04000 JavaThread "File lock request listener" [_thread_in_native, id=9304, stack(0x000000005af50000,0x000000005b050000)]
  0x0000000059a03000 JavaThread "Cache worker for file hash cache (C:\Users\Sebastian\.gradle\caches\5.6.4\fileHashes)" [_thread_blocked, id=9768, stack(0x000000005a6f0000,0x000000005a7f0000)]
  0x0000000059ab3800 JavaThread "Daemon periodic checks" [_thread_blocked, id=5216, stack(0x0000000058560000,0x0000000058660000)]
  0x0000000059a15800 JavaThread "Incoming local TCP Connector on port 49747" [_thread_in_native, id=2528, stack(0x000000005a5f0000,0x000000005a6f0000)]
  0x0000000059a53000 JavaThread "Daemon health stats" [_thread_blocked, id=9712, stack(0x000000005a1d0000,0x000000005a2d0000)]
  0x0000000057937800 JavaThread "Service Thread" daemon [_thread_blocked, id=9780, stack(0x0000000058460000,0x0000000058560000)]
  0x0000000056447800 JavaThread "C1 CompilerThread2" daemon [_thread_blocked, id=8832, stack(0x00000000581c0000,0x00000000582c0000)]
  0x00000000578ba000 JavaThread "C2 CompilerThread1" daemon [_thread_blocked, id=8344, stack(0x0000000058070000,0x0000000058170000)]
=>0x00000000578a2800 JavaThread "C2 CompilerThread0" daemon [_thread_in_native, id=9000, stack(0x0000000057690000,0x0000000057790000)]
  0x0000000056444000 JavaThread "Attach Listener" daemon [_thread_blocked, id=7572, stack(0x0000000057ea0000,0x0000000057fa0000)]
  0x0000000056442800 JavaThread "Signal Dispatcher" daemon [_thread_blocked, id=9468, stack(0x0000000057d80000,0x0000000057e80000)]
  0x00000000563e4800 JavaThread "Finalizer" daemon [_thread_blocked, id=9340, stack(0x00000000577a0000,0x00000000578a0000)]
  0x00000000563db800 JavaThread "Reference Handler" daemon [_thread_blocked, id=5104, stack(0x0000000057520000,0x0000000057620000)]
  0x00000000021ef000 JavaThread "main" [_thread_blocked, id=4024, stack(0x0000000002370000,0x0000000002470000)]

Other Threads:
  0x00000000563d6000 VMThread [stack: 0x00000000573a0000,0x00000000574a0000] [id=3404]
  0x000000005793b000 WatcherThread [stack: 0x0000000058690000,0x0000000058790000] [id=5932]

VM state:not at safepoint (normal execution)

VM Mutex/Monitor currently owned by a thread: None

Heap:
 PSYoungGen      total 400896K, used 331077K [0x00000000e0000000, 0x0000000100000000, 0x0000000100000000)
  eden space 287232K, 89% used [0x00000000e0000000,0x00000000efb46438,0x00000000f1880000)
  from space 113664K, 64% used [0x00000000f1880000,0x00000000f608b378,0x00000000f8780000)
  to   space 118272K, 0% used [0x00000000f8c80000,0x00000000f8c80000,0x0000000100000000)
 ParOldGen       total 328192K, used 78810K [0x00000000a0000000, 0x00000000b4080000, 0x00000000e0000000)
  object space 328192K, 24% used [0x00000000a0000000,0x00000000a4cf6a60,0x00000000b4080000)
 Metaspace       used 99984K, capacity 107178K, committed 107392K, reserved 1142784K
  class space    used 13048K, capacity 14179K, committed 14208K, reserved 1048576K

Card table byte_map: [0x0000000011b00000,0x0000000011e10000] byte_map_base: 0x0000000011600000

Marking Bits: (ParMarkBitMap*) 0x000000007081d490
 Begin Bits: [0x0000000012750000, 0x0000000013f50000)
 End Bits:   [0x0000000013f50000, 0x0000000015750000)

Polling page: 0x00000000004d0000

CodeCache: size=245760Kb used=75878Kb max_used=75895Kb free=169881Kb
 bounds [0x0000000002740000, 0x00000000071f0000, 0x0000000011740000]
 total_blobs=22149 nmethods=21256 adapters=802
 compilation: enabled

Compilation events (10 events):
Event: 8385.065 Thread 0x00000000578a2800 nmethod 28609 0x00000000071cb2d0 code [0x00000000071cb6a0, 0x00000000071ce248]
Event: 8385.070 Thread 0x00000000578a2800 28603       4       com.android.ide.common.resources.ValueResourceParser2::getResource (73 bytes)
Event: 8385.071 Thread 0x00000000578ba000 nmethod 28610 0x00000000071d2ad0 code [0x00000000071d2e80, 0x00000000071d59f8]
Event: 8385.077 Thread 0x0000000056447800 28627   !   3       com.android.ide.common.resources.ResourceMerger::mergeItems (533 bytes)
Event: 8385.079 Thread 0x00000000578ba000 28626   !   4       com.android.ide.common.resources.DataMerger::mergeData (611 bytes)
Event: 8385.080 Thread 0x0000000056447800 nmethod 28627 0x00000000071d9a10 code [0x00000000071da020, 0x00000000071de558]
Event: 8385.084 Thread 0x0000000056447800 28628       3       com.android.ide.common.resources.ResourceMerger::getMergedItem (31 bytes)
Event: 8385.085 Thread 0x0000000056447800 nmethod 28628 0x0000000003f3c290 code [0x0000000003f3c420, 0x0000000003f3c918]
Event: 8385.090 Thread 0x0000000056447800 28629       3       com.android.ide.common.resources.MergedResourceMergerItem::getSourceType (4 bytes)
Event: 8385.090 Thread 0x0000000056447800 nmethod 28629 0x0000000004c57850 code [0x0000000004c579a0, 0x0000000004c57af0]

GC Heap History (10 events):
Event: 7981.225 GC heap before
{Heap before GC invocations=49 (full 4):
 PSYoungGen      total 408576K, used 343027K [0x00000000e0000000, 0x0000000100000000, 0x0000000100000000)
  eden space 289280K, 100% used [0x00000000e0000000,0x00000000f1a80000,0x00000000f1a80000)
  from space 119296K, 45% used [0x00000000f8b80000,0x00000000fbffcf58,0x0000000100000000)
  to   space 115712K, 0% used [0x00000000f1a80000,0x00000000f1a80000,0x00000000f8b80000)
 ParOldGen       total 328192K, used 78674K [0x00000000a0000000, 0x00000000b4080000, 0x00000000e0000000)
  object space 328192K, 23% used [0x00000000a0000000,0x00000000a4cd4a60,0x00000000b4080000)
 Metaspace       used 99761K, capacity 107016K, committed 107136K, reserved 1142784K
  class space    used 13046K, capacity 14178K, committed 14208K, reserved 1048576K
Event: 7981.235 GC heap after
Heap after GC invocations=49 (full 4):
 PSYoungGen      total 304128K, used 14501K [0x00000000e0000000, 0x00000000ff880000, 0x0000000100000000)
  eden space 289280K, 0% used [0x00000000e0000000,0x00000000e0000000,0x00000000f1a80000)
  from space 14848K, 97% used [0x00000000f1a80000,0x00000000f28a94f8,0x00000000f2900000)
  to   space 113664K, 0% used [0x00000000f8980000,0x00000000f8980000,0x00000000ff880000)
 ParOldGen       total 328192K, used 78698K [0x00000000a0000000, 0x00000000b4080000, 0x00000000e0000000)
  object space 328192K, 23% used [0x00000000a0000000,0x00000000a4cdaa60,0x00000000b4080000)
 Metaspace       used 99761K, capacity 107016K, committed 107136K, reserved 1142784K
  class space    used 13046K, capacity 14178K, committed 14208K, reserved 1048576K
}
Event: 7988.395 GC heap before
{Heap before GC invocations=50 (full 4):
 PSYoungGen      total 304128K, used 303781K [0x00000000e0000000, 0x00000000ff880000, 0x0000000100000000)
  eden space 289280K, 100% used [0x00000000e0000000,0x00000000f1a80000,0x00000000f1a80000)
  from space 14848K, 97% used [0x00000000f1a80000,0x00000000f28a94f8,0x00000000f2900000)
  to   space 113664K, 0% used [0x00000000f8980000,0x00000000f8980000,0x00000000ff880000)
 ParOldGen       total 328192K, used 78698K [0x00000000a0000000, 0x00000000b4080000, 0x00000000e0000000)
  object space 328192K, 23% used [0x00000000a0000000,0x00000000a4cdaa60,0x00000000b4080000)
 Metaspace       used 99792K, capacity 107016K, committed 107136K, reserved 1142784K
  class space    used 13046K, capacity 14178K, committed 14208K, reserved 1048576K
Event: 7988.459 GC heap after
Heap after GC invocations=50 (full 4):
 PSYoungGen      total 394240K, used 83252K [0x00000000e0000000, 0x0000000100000000, 0x0000000100000000)
  eden space 280576K, 0% used [0x00000000e0000000,0x00000000e0000000,0x00000000f1200000)
  from space 113664K, 73% used [0x00000000f8980000,0x00000000fdacd1c8,0x00000000ff880000)
  to   space 121856K, 0% used [0x00000000f1200000,0x00000000f1200000,0x00000000f8900000)
 ParOldGen       total 328192K, used 78730K [0x00000000a0000000, 0x00000000b4080000, 0x00000000e0000000)
  object space 328192K, 23% used [0x00000000a0000000,0x00000000a4ce2a60,0x00000000b4080000)
 Metaspace       used 99792K, capacity 107016K, committed 107136K, reserved 1142784K
  class space    used 13046K, capacity 14178K, committed 14208K, reserved 1048576K
}
Event: 8105.578 GC heap before
{Heap before GC invocations=51 (full 4):
 PSYoungGen      total 394240K, used 363828K [0x00000000e0000000, 0x0000000100000000, 0x0000000100000000)
  eden space 280576K, 100% used [0x00000000e0000000,0x00000000f1200000,0x00000000f1200000)
  from space 113664K, 73% used [0x00000000f8980000,0x00000000fdacd1c8,0x00000000ff880000)
  to   space 121856K, 0% used [0x00000000f1200000,0x00000000f1200000,0x00000000f8900000)
 ParOldGen       total 328192K, used 78730K [0x00000000a0000000, 0x00000000b4080000, 0x00000000e0000000)
  object space 328192K, 23% used [0x00000000a0000000,0x00000000a4ce2a60,0x00000000b4080000)
 Metaspace       used 99846K, capacity 107084K, committed 107136K, reserved 1142784K
  class space    used 13046K, capacity 14178K, committed 14208K, reserved 1048576K
Event: 8105.600 GC heap after
Heap after GC invocations=51 (full 4):
 PSYoungGen      total 402432K, used 40633K [0x00000000e0000000, 0x00000000ffb00000, 0x0000000100000000)
  eden space 280576K, 0% used [0x00000000e0000000,0x00000000e0000000,0x00000000f1200000)
  from space 121856K, 33% used [0x00000000f1200000,0x00000000f39ae660,0x00000000f8900000)
  to   space 115200K, 0% used [0x00000000f8a80000,0x00000000f8a80000,0x00000000ffb00000)
 ParOldGen       total 328192K, used 78762K [0x00000000a0000000, 0x00000000b4080000, 0x00000000e0000000)
  object space 328192K, 23% used [0x00000000a0000000,0x00000000a4ceaa60,0x00000000b4080000)
 Metaspace       used 99846K, capacity 107084K, committed 107136K, reserved 1142784K
  class space    used 13046K, capacity 14178K, committed 14208K, reserved 1048576K
}
Event: 8251.536 GC heap before
{Heap before GC invocations=52 (full 4):
 PSYoungGen      total 402432K, used 321209K [0x00000000e0000000, 0x00000000ffb00000, 0x0000000100000000)
  eden space 280576K, 100% used [0x00000000e0000000,0x00000000f1200000,0x00000000f1200000)
  from space 121856K, 33% used [0x00000000f1200000,0x00000000f39ae660,0x00000000f8900000)
  to   space 115200K, 0% used [0x00000000f8a80000,0x00000000f8a80000,0x00000000ffb00000)
 ParOldGen       total 328192K, used 78762K [0x00000000a0000000, 0x00000000b4080000, 0x00000000e0000000)
  object space 328192K, 23% used [0x00000000a0000000,0x00000000a4ceaa60,0x00000000b4080000)
 Metaspace       used 99909K, capacity 107164K, committed 107392K, reserved 1142784K
  class space    used 13047K, capacity 14178K, committed 14208K, reserved 1048576K
Event: 8251.545 GC heap after
Heap after GC invocations=52 (full 4):
 PSYoungGen      total 397824K, used 11381K [0x00000000e0000000, 0x00000000ff680000, 0x0000000100000000)
  eden space 287232K, 0% used [0x00000000e0000000,0x00000000e0000000,0x00000000f1880000)
  from space 110592K, 10% used [0x00000000f8a80000,0x00000000f959d530,0x00000000ff680000)
  to   space 113664K, 0% used [0x00000000f1880000,0x00000000f1880000,0x00000000f8780000)
 ParOldGen       total 328192K, used 78786K [0x00000000a0000000, 0x00000000b4080000, 0x00000000e0000000)
  object space 328192K, 24% used [0x00000000a0000000,0x00000000a4cf0a60,0x00000000b4080000)
 Metaspace       used 99909K, capacity 107164K, committed 107392K, reserved 1142784K
  class space    used 13047K, capacity 14178K, committed 14208K, reserved 1048576K
}
Event: 8266.743 GC heap before
{Heap before GC invocations=53 (full 4):
 PSYoungGen      total 397824K, used 298375K [0x00000000e0000000, 0x00000000ff680000, 0x0000000100000000)
  eden space 287232K, 99% used [0x00000000e0000000,0x00000000f1844898,0x00000000f1880000)
  from space 110592K, 10% used [0x00000000f8a80000,0x00000000f959d530,0x00000000ff680000)
  to   space 113664K, 0% used [0x00000000f1880000,0x00000000f1880000,0x00000000f8780000)
 ParOldGen       total 328192K, used 78786K [0x00000000a0000000, 0x00000000b4080000, 0x00000000e0000000)
  object space 328192K, 24% used [0x00000000a0000000,0x00000000a4cf0a60,0x00000000b4080000)
 Metaspace       used 99936K, capacity 107164K, committed 107392K, reserved 1142784K
  class space    used 13047K, capacity 14178K, committed 14208K, reserved 1048576K
Event: 8266.794 GC heap after
Heap after GC invocations=53 (full 4):
 PSYoungGen      total 400896K, used 73772K [0x00000000e0000000, 0x0000000100000000, 0x0000000100000000)
  eden space 287232K, 0% used [0x00000000e0000000,0x00000000e0000000,0x00000000f1880000)
  from space 113664K, 64% used [0x00000000f1880000,0x00000000f608b378,0x00000000f8780000)
  to   space 118272K, 0% used [0x00000000f8c80000,0x00000000f8c80000,0x0000000100000000)
 ParOldGen       total 328192K, used 78810K [0x00000000a0000000, 0x00000000b4080000, 0x00000000e0000000)
  object space 328192K, 24% used [0x00000000a0000000,0x00000000a4cf6a60,0x00000000b4080000)
 Metaspace       used 99936K, capacity 107164K, committed 107392K, reserved 1142784K
  class space    used 13047K, capacity 14178K, committed 14208K, reserved 1048576K
}

Deoptimization events (10 events):
Event: 7506.388 Thread 0x000000005df6a000 Uncommon trap: reason=class_check action=maybe_recompile pc=0x0000000006867f40 method=com.android.tools.r8.graph.O0.a.a(Lcom/android/tools/r8/graph/S;)V @ 11
Event: 7829.667 Thread 0x0000000067096800 Uncommon trap: reason=unreached action=reinterpret pc=0x0000000004f25454 method=com.sun.tools.javac.tree.TreeScanner.scan(Lcom/sun/tools/javac/util/List;)V @ 1
Event: 7829.849 Thread 0x0000000067096800 Uncommon trap: reason=class_check action=maybe_recompile pc=0x0000000002d78b5c method=java.util.Collections$UnmodifiableMap$UnmodifiableEntrySet$UnmodifiableEntry.<init>(Ljava/util/Map$Entry;)V @ 9
Event: 7829.849 Thread 0x0000000067096800 Uncommon trap: reason=class_check action=maybe_recompile pc=0x0000000002d78b5c method=java.util.Collections$UnmodifiableMap$UnmodifiableEntrySet$UnmodifiableEntry.<init>(Ljava/util/Map$Entry;)V @ 9
Event: 7829.849 Thread 0x0000000067096800 Uncommon trap: reason=class_check action=maybe_recompile pc=0x0000000002d78b5c method=java.util.Collections$UnmodifiableMap$UnmodifiableEntrySet$UnmodifiableEntry.<init>(Ljava/util/Map$Entry;)V @ 9
Event: 7829.849 Thread 0x0000000067096800 Uncommon trap: reason=class_check action=maybe_recompile pc=0x0000000002d78b5c method=java.util.Collections$UnmodifiableMap$UnmodifiableEntrySet$UnmodifiableEntry.<init>(Ljava/util/Map$Entry;)V @ 9
Event: 7986.674 Thread 0x0000000067096800 Uncommon trap: reason=unreached action=reinterpret pc=0x0000000006e628ac method=com.sun.tools.javac.jvm.Pool.put(Ljava/lang/Object;)I @ 87
Event: 8264.534 Thread 0x000000005e0ca800 Uncommon trap: reason=unreached action=reinterpret pc=0x0000000005b635b0 method=java.util.concurrent.locks.LockSupport.unpark(Ljava/lang/Thread;)V @ 1
Event: 8265.196 Thread 0x000000005e0ca000 Uncommon trap: reason=class_check action=maybe_recompile pc=0x0000000004989af0 method=com.google.common.cache.LocalCache$Segment.get(Ljava/lang/Object;ILcom/google/common/cache/CacheLoader;)Ljava/lang/Object; @ 99
Event: 8379.637 Thread 0x000000006056e000 Uncommon trap: reason=bimorphic action=maybe_recompile pc=0x00000000047e8b4c method=com.google.common.base.Equivalence$Equals.doEquivalent(Ljava/lang/Object;Ljava/lang/Object;)Z @ 2

Internal exceptions (10 events):
Event: 8250.733 Thread 0x000000006056e000 Exception <a 'java/security/PrivilegedActionException'> (0x00000000efe497e8) thrown at [D:\re\workspace\8-2-build-windows-amd64-cygwin\jdk8u25\1677\hotspot\src\share\vm\prims\jvm.cpp, line 1312]
Event: 8250.733 Thread 0x000000006056e000 Exception <a 'java/security/PrivilegedActionException'> (0x00000000efe4b210) thrown at [D:\re\workspace\8-2-build-windows-amd64-cygwin\jdk8u25\1677\hotspot\src\share\vm\prims\jvm.cpp, line 1312]
Event: 8250.733 Thread 0x000000006056e000 Exception <a 'java/security/PrivilegedActionException'> (0x00000000efe54460) thrown at [D:\re\workspace\8-2-build-windows-amd64-cygwin\jdk8u25\1677\hotspot\src\share\vm\prims\jvm.cpp, line 1312]
Event: 8265.164 Thread 0x000000005e0c9000 Exception <a 'sun/nio/fs/WindowsException'> (0x00000000e7267870) thrown at [D:\re\workspace\8-2-build-windows-amd64-cygwin\jdk8u25\1677\hotspot\src\share\vm\prims\jni.cpp, line 716]
Event: 8265.170 Thread 0x000000005e0c9000 Exception <a 'sun/nio/fs/WindowsException'> (0x00000000e736b758) thrown at [D:\re\workspace\8-2-build-windows-amd64-cygwin\jdk8u25\1677\hotspot\src\share\vm\prims\jni.cpp, line 716]
Event: 8266.282 Thread 0x000000005de27000 Exception <a 'sun/nio/fs/WindowsException'> (0x00000000e86678d0) thrown at [D:\re\workspace\8-2-build-windows-amd64-cygwin\jdk8u25\1677\hotspot\src\share\vm\prims\jni.cpp, line 716]
Event: 8267.084 Thread 0x0000000063862800 Exception <a 'sun/nio/fs/WindowsException'> (0x00000000e639f678) thrown at [D:\re\workspace\8-2-build-windows-amd64-cygwin\jdk8u25\1677\hotspot\src\share\vm\prims\jni.cpp, line 716]
Event: 8267.717 Thread 0x000000006056e000 Exception <a 'sun/nio/fs/WindowsException'> (0x00000000e7a1c930) thrown at [D:\re\workspace\8-2-build-windows-amd64-cygwin\jdk8u25\1677\hotspot\src\share\vm\prims\jni.cpp, line 716]
Event: 8377.178 Thread 0x000000006056e000 Exception <a 'java/security/PrivilegedActionException'> (0x00000000e9cb7f88) thrown at [D:\re\workspace\8-2-build-windows-amd64-cygwin\jdk8u25\1677\hotspot\src\share\vm\prims\jvm.cpp, line 1312]
Event: 8377.178 Thread 0x000000006056e000 Exception <a 'java/security/PrivilegedActionException'> (0x00000000e9cb90e8) thrown at [D:\re\workspace\8-2-build-windows-amd64-cygwin\jdk8u25\1677\hotspot\src\share\vm\prims\jvm.cpp, line 1312]

Events (10 events):
Event: 8384.999 Thread 0x00000000578a2800 flushing nmethod 0x0000000004ab25d0
Event: 8385.005 Thread 0x00000000578ba000 flushing nmethod 0x0000000004c57850
Event: 8385.006 Thread 0x00000000578ba000 flushing nmethod 0x0000000004e283d0
Event: 8385.006 Thread 0x00000000578ba000 flushing nmethod 0x0000000004e61e90
Event: 8385.076 Thread 0x000000005e0ca800 DEOPT PACKING pc=0x00000000048c0310 sp=0x0000000068d4bfd0
Event: 8385.076 Thread 0x000000005e0ca800 DEOPT UNPACKING pc=0x00000000027875bf sp=0x0000000068d4bda8 mode 0
Event: 8385.077 Thread 0x00000000578ba000 flushing nmethod 0x00000000058b51d0
Event: 8385.079 Thread 0x00000000578ba000 flushing nmethod 0x0000000005a38410
Event: 8385.079 Thread 0x00000000578ba000 flushing nmethod 0x0000000005ac35d0
Event: 8385.080 Thread 0x0000000056447800 flushing nmethod 0x0000000005b60b50


Dynamic libraries:
0x000000013f410000 - 0x000000013f444000 	C:\Program Files\Java\jdk1.8.0_25\bin\java.exe
0x0000000077540000 - 0x00000000776ea000 	C:\Windows\SYSTEM32\ntdll.dll
0x0000000077320000 - 0x000000007743f000 	C:\Windows\system32\kernel32.dll
0x000007fefd4a0000 - 0x000007fefd50a000 	C:\Windows\system32\KERNELBASE.dll
0x000007fefda80000 - 0x000007fefdb5b000 	C:\Windows\system32\ADVAPI32.dll
0x000007fefd640000 - 0x000007fefd6df000 	C:\Windows\system32\msvcrt.dll
0x000007feff630000 - 0x000007feff64f000 	C:\Windows\SYSTEM32\sechost.dll
0x000007feff1c0000 - 0x000007feff2ed000 	C:\Windows\system32\RPCRT4.dll
0x0000000077440000 - 0x000000007753a000 	C:\Windows\system32\USER32.dll
0x000007feff650000 - 0x000007feff6b7000 	C:\Windows\system32\GDI32.dll
0x000007fefef60000 - 0x000007fefef6e000 	C:\Windows\system32\LPK.dll
0x000007fefd6e0000 - 0x000007fefd7aa000 	C:\Windows\system32\USP10.dll
0x000007fefbdb0000 - 0x000007fefbfa4000 	C:\Windows\WinSxS\amd64_microsoft.windows.common-controls_6595b64144ccf1df_6.0.7601.18837_none_fa3b1e3d17594757\COMCTL32.dll
0x000007fefdde0000 - 0x000007fefde51000 	C:\Windows\system32\SHLWAPI.dll
0x000007fefe110000 - 0x000007fefe13e000 	C:\Windows\system32\IMM32.DLL
0x000007fefefd0000 - 0x000007feff0d9000 	C:\Windows\system32\MSCTF.dll
0x0000000078d00000 - 0x0000000078dd2000 	C:\Program Files\Java\jdk1.8.0_25\jre\bin\msvcr100.dll
0x0000000070040000 - 0x000000007089a000 	C:\Program Files\Java\jdk1.8.0_25\jre\bin\server\jvm.dll
0x000007fee9490000 - 0x000007fee9499000 	C:\Windows\system32\WSOCK32.dll
0x000007feff5e0000 - 0x000007feff62d000 	C:\Windows\system32\WS2_32.dll
0x000007fefe140000 - 0x000007fefe148000 	C:\Windows\system32\NSI.dll
0x000007fefa970000 - 0x000007fefa9ab000 	C:\Windows\system32\WINMM.dll
0x0000000077710000 - 0x0000000077717000 	C:\Windows\system32\PSAPI.DLL
0x00000000709b0000 - 0x00000000709bf000 	C:\Program Files\Java\jdk1.8.0_25\jre\bin\verify.dll
0x000000006cca0000 - 0x000000006ccc8000 	C:\Program Files\Java\jdk1.8.0_25\jre\bin\java.dll
0x0000000001c90000 - 0x0000000001ca6000 	C:\Program Files\Java\jdk1.8.0_25\jre\bin\zip.dll
0x000007fefe1d0000 - 0x000007fefef5c000 	C:\Windows\system32\SHELL32.dll
0x000007fefdf00000 - 0x000007fefe103000 	C:\Windows\system32\ole32.dll
0x000007fefd280000 - 0x000007fefd28f000 	C:\Windows\system32\profapi.dll
0x000000006f5c0000 - 0x000000006f5da000 	C:\Program Files\Java\jdk1.8.0_25\jre\bin\net.dll
0x000007fefca60000 - 0x000007fefcab5000 	C:\Windows\system32\mswsock.dll
0x000007fefca50000 - 0x000007fefca57000 	C:\Windows\System32\wship6.dll
0x000000006fb10000 - 0x000000006fb21000 	C:\Program Files\Java\jdk1.8.0_25\jre\bin\nio.dll
0x000007feb5ee0000 - 0x000007feb5f06000 	C:\Users\Sebastian\.gradle\native\30\windows-amd64\native-platform.dll
0x000007fefc2a0000 - 0x000007fefc2a3000 	C:\Windows\system32\api-ms-win-core-synch-l1-2-0.DLL
0x000000006fa10000 - 0x000000006fa1d000 	C:\Program Files\Java\jdk1.8.0_25\jre\bin\management.dll
0x000007fefcac0000 - 0x000007fefcad8000 	C:\Windows\system32\CRYPTSP.dll
0x000007fefc7c0000 - 0x000007fefc807000 	C:\Windows\system32\rsaenh.dll
0x000007fefd460000 - 0x000007fefd47e000 	C:\Windows\system32\USERENV.dll
0x000007fefd120000 - 0x000007fefd12f000 	C:\Windows\system32\CRYPTBASE.dll
0x000007fefaf50000 - 0x000007fefaf77000 	C:\Windows\system32\IPHLPAPI.DLL
0x000007fefaf30000 - 0x000007fefaf3b000 	C:\Windows\system32\WINNSI.DLL
0x000007fefad90000 - 0x000007fefada1000 	C:\Windows\system32\dhcpcsvc6.DLL
0x000007fefad20000 - 0x000007fefad38000 	C:\Windows\system32\dhcpcsvc.DLL
0x000007fefd0c0000 - 0x000007fefd117000 	C:\Windows\system32\apphelp.dll
0x000007fef87d0000 - 0x000007fef88f5000 	C:\Windows\system32\dbghelp.dll

VM Arguments:
jvm_args: -Xmx1536m -Dfile.encoding=windows-1252 -Duser.country=DE -Duser.language=de -Duser.variant 
java_command: org.gradle.launcher.daemon.bootstrap.GradleDaemon 5.6.4
java_class_path (initial): C:\Users\Sebastian\.gradle\wrapper\dists\gradle-5.6.4-all\ankdp27end7byghfw1q2sw75f\gradle-5.6.4\lib\gradle-launcher-5.6.4.jar
Launcher Type: SUN_STANDARD

Environment Variables:
JAVA_HOME=C:\Program Files\Java\jdk1.8.0_25
PATH=C:\Program Files (x86)\Razer Chroma SDK\bin;C:\Program Files\Razer Chroma SDK\bin;C:\Program Files\Common Files\Microsoft Shared\Windows Live;C:\Program Files (x86)\Common Files\Microsoft Shared\Windows Live;C:\ProgramData\Oracle\Java\javapath;C:\Program Files (x86)\Intel\iCLS Client\;C:\Program Files\Intel\iCLS Client\;C:\Windows\system32;C:\Windows;C:\Windows\System32\Wbem;C:\Windows\System32\WindowsPowerShell\v1.0\;C:\Program Files\Intel\Intel(R) Management Engine Components\DAL;C:\Program Files\Intel\Intel(R) Management Engine Components\IPT;C:\Program Files (x86)\Intel\Intel(R) Management Engine Components\DAL;C:\Program Files (x86)\Intel\Intel(R) Management Engine Components\IPT;C:\Program Files (x86)\NVIDIA Corporation\PhysX\Common;C:\Program Files (x86)\Skype\Phone\;C:\Program Files (x86)\Windows Live\Shared;C:\Users\Sebastian\Anaconda3;C:\Users\Sebastian\Anaconda3\Scripts;C:\Users\Sebastian\Anaconda3\Library\bin;C:\Program Files\Git\cmd;C:\Users\Sebastian\Anaconda3;C:\Users\Sebastian\Anaconda3\Scripts;C:\Users\Sebastian\Anaconda3\Library\bin;C:\Program Files (x86)\FAHClient
USERNAME=Sebastian
OS=Windows_NT
PROCESSOR_IDENTIFIER=Intel64 Family 6 Model 60 Stepping 3, GenuineIntel



---------------  S Y S T E M  ---------------

OS: Windows 7 , 64 bit Build 7601 Service Pack 1

CPU:total 4 (4 cores per cpu, 1 threads per core) family 6 model 60 stepping 3, cmov, cx8, fxsr, mmx, sse, sse2, sse3, ssse3, sse4.1, sse4.2, popcnt, avx, avx2, aes, clmul, erms, lzcnt, tsc, tscinvbit, bmi1, bmi2

Memory: 4k page, physical 16626700k(6030152k free), swap 16624840k(106060k free)

vm_info: Java HotSpot(TM) 64-Bit Server VM (25.25-b02) for windows-amd64 JRE (1.8.0_25-b18), built on Oct  7 2014 14:25:37 by "java_re" with MS VC++ 10.0 (VS2010)

time: Sun Mar 22 15:26:14 2020
elapsed time: 8388 seconds (0d 2h 19m 48s)

